<?xml version="1.0" encoding="UTF-8"?>
<!-- Generated by org.testng.reporters.JUnitReportReporter -->
<testsuite hostname="IN2157657W1" failures="0" tests="1" name="com.qa.hs.tests.LoginTest" time="32.191" errors="0" timestamp="24 Jul 2020 20:06:10 GMT" skipped="0">
  <testcase classname="com.qa.hs.tests.LoginTest" name="loginTest" time="32.191"/>
</testsuite> <!-- com.qa.hs.tests.LoginTest -->
