<?xml version="1.0" encoding="UTF-8"?>
<!-- Generated by org.testng.reporters.JUnitReportReporter -->
<testsuite hostname="IN2157657W1" failures="0" tests="1" name="com.qa.hs.tests.LoginTest" time="11.517" errors="0" timestamp="25 Jul 2020 20:38:15 GMT" skipped="0">
  <testcase classname="com.qa.hs.tests.LoginTest" name="loginTest" time="11.517"/>
</testsuite> <!-- com.qa.hs.tests.LoginTest -->
